<?xml version="1.0" encoding="UTF-8"?>
<!-- Generated by org.testng.reporters.JUnitReportReporter -->
<testsuite hostname="Ankiket-ASUS" failures="0" tests="1" name="SeleniumBasicPackage.JavaScriptExecutorDemo" time="6.671" errors="0" timestamp="2024-05-01T11:17:10 IST" skipped="0">
  <testcase classname="SeleniumBasicPackage.JavaScriptExecutorDemo" name="test" time="6.671"/>
</testsuite> <!-- SeleniumBasicPackage.JavaScriptExecutorDemo -->
