<?xml version="1.0" encoding="UTF-8"?>
<!-- Generated by org.testng.reporters.JUnitReportReporter -->
<testsuite hostname="Ankiket-ASUS" failures="0" tests="4" name="SeleniumAdvance.GroupDemo" time="0.009" errors="0" timestamp="2024-05-01T17:40:03 IST" skipped="0">
  <testcase classname="SeleniumAdvance.GroupDemo" name="logOut" time="0.005"/>
  <testcase classname="SeleniumAdvance.GroupDemo" name="login" time="0.002"/>
  <testcase classname="SeleniumAdvance.GroupDemo" name="homePage" time="0.001"/>
  <testcase classname="SeleniumAdvance.GroupDemo" name="payment" time="0.001"/>
</testsuite> <!-- SeleniumAdvance.GroupDemo -->
