<?xml version="1.0" encoding="UTF-8"?>
<!-- Generated by org.testng.reporters.JUnitReportReporter -->
<testsuite hostname="Ankiket-ASUS" failures="0" tests="1" name="SeleniumBasicPackage.Annotation" time="0.004" errors="0" timestamp="2024-03-22T10:41:57 IST" skipped="0">
  <testcase classname="SeleniumBasicPackage.Annotation" name="test" time="0.004"/>
</testsuite> <!-- SeleniumBasicPackage.Annotation -->
