<?xml version="1.0" encoding="UTF-8"?>
<!-- Generated by org.testng.reporters.JUnitReportReporter -->
<testsuite hostname="Ankiket-ASUS" failures="0" tests="1" name="SeleniumBasicPackage.DragAndDrop" time="3.135" errors="0" timestamp="2024-05-01T17:53:17 IST" skipped="0">
  <testcase classname="SeleniumBasicPackage.DragAndDrop" name="test" time="3.135"/>
</testsuite> <!-- SeleniumBasicPackage.DragAndDrop -->
