<?xml version="1.0" encoding="UTF-8"?>
<!-- Generated by org.testng.reporters.JUnitReportReporter -->
<testsuite hostname="Ankiket-ASUS" failures="0" tests="1" name="SeleniumBasicPackage.SSLCertificateDemo" time="17.808" errors="0" timestamp="2024-05-01T11:39:14 IST" skipped="0">
  <testcase classname="SeleniumBasicPackage.SSLCertificateDemo" name="test" time="17.808"/>
</testsuite> <!-- SeleniumBasicPackage.SSLCertificateDemo -->
