<?xml version="1.0" encoding="UTF-8"?>
<!-- Generated by org.testng.reporters.JUnitReportReporter -->
<testsuite hostname="Ankiket-ASUS" failures="0" tests="1" name="SeleniumBasicPackage.WindowHandles" time="14.522" errors="0" timestamp="2024-04-13T20:26:10 IST" skipped="0">
  <testcase classname="SeleniumBasicPackage.WindowHandles" name="test" time="14.522"/>
</testsuite> <!-- SeleniumBasicPackage.WindowHandles -->
