<?xml version="1.0" encoding="UTF-8"?>
<!-- Generated by org.testng.reporters.JUnitReportReporter -->
<testsuite hostname="Ankiket-ASUS" failures="0" tests="1" name="SeleniumBasicPackage.ImplicitWaitDemo" time="9.306" errors="0" timestamp="2024-04-16T17:10:38 IST" skipped="0">
  <testcase classname="SeleniumBasicPackage.ImplicitWaitDemo" name="test" time="9.306"/>
</testsuite> <!-- SeleniumBasicPackage.ImplicitWaitDemo -->
