<?xml version="1.0" encoding="UTF-8"?>
<!-- Generated by org.testng.reporters.JUnitReportReporter -->
<testsuite hostname="Ankiket-ASUS" failures="0" tests="1" name="SeleniumBasicPackage.SliderDemo" time="3.121" errors="0" timestamp="2024-05-01T09:26:24 IST" skipped="0">
  <testcase classname="SeleniumBasicPackage.SliderDemo" name="test" time="3.121"/>
</testsuite> <!-- SeleniumBasicPackage.SliderDemo -->
