<?xml version="1.0" encoding="UTF-8"?>
<!-- Generated by org.testng.reporters.JUnitReportReporter -->
<testsuite hostname="Ankiket-ASUS" failures="0" tests="1" name="SeleniumBasicPackage.AutoSuggestionDemo" time="11.892" errors="0" timestamp="2024-04-13T19:52:17 IST" skipped="0">
  <testcase classname="SeleniumBasicPackage.AutoSuggestionDemo" name="test" time="11.892"/>
</testsuite> <!-- SeleniumBasicPackage.AutoSuggestionDemo -->
