<?xml version="1.0" encoding="UTF-8"?>
<!-- Generated by org.testng.reporters.JUnitReportReporter -->
<testsuite hostname="Ankiket-ASUS" failures="0" tests="1" name="SeleniumBasicPackage.KeyBoardEventsDemo" time="27.181" errors="0" timestamp="2024-05-01T10:04:07 IST" skipped="0">
  <testcase classname="SeleniumBasicPackage.KeyBoardEventsDemo" name="test" time="27.181"/>
</testsuite> <!-- SeleniumBasicPackage.KeyBoardEventsDemo -->
