<?xml version="1.0" encoding="UTF-8"?>
<!-- Generated by org.testng.reporters.JUnitReportReporter -->
<testsuite hostname="Ankiket-ASUS" failures="0" tests="1" name="SeleniumBasicPackage.WebDriverInitialization" time="12.117" errors="0" timestamp="2024-03-22T12:01:38 IST" skipped="0">
  <testcase classname="SeleniumBasicPackage.WebDriverInitialization" name="test" time="12.117"/>
</testsuite> <!-- SeleniumBasicPackage.WebDriverInitialization -->
