<?xml version="1.0" encoding="UTF-8"?>
<!-- Generated by org.testng.reporters.JUnitReportReporter -->
<testsuite hostname="Ankiket-ASUS" failures="0" tests="5" name="SeleniumAdvance.DataProviderRunner" time="0.010" errors="0" timestamp="2024-05-03T16:33:41 IST" skipped="0">
  <testcase classname="SeleniumAdvance.DataProviderRunner" name="test" time="0.005"/>
  <testcase classname="SeleniumAdvance.DataProviderRunner" name="test1" time="0.002"/>
  <testcase classname="SeleniumAdvance.DataProviderRunner" name="test1" time="0.001"/>
  <testcase classname="SeleniumAdvance.DataProviderRunner" name="test" time="0.001"/>
  <testcase classname="SeleniumAdvance.DataProviderRunner" name="test" time="0.001"/>
</testsuite> <!-- SeleniumAdvance.DataProviderRunner -->
