<?xml version="1.0" encoding="UTF-8"?>
<!-- Generated by org.testng.reporters.JUnitReportReporter -->
<testsuite hostname="Ankiket-ASUS" failures="0" tests="1" name="SeleniumBasicPackage.SuiteDemo" time="0.004" errors="0" timestamp="2024-04-27T14:50:00 IST" skipped="0">
  <testcase classname="SeleniumBasicPackage.SuiteDemo" name="test" time="0.004"/>
</testsuite> <!-- SeleniumBasicPackage.SuiteDemo -->
