<?xml version="1.0" encoding="UTF-8"?>
<!-- Generated by org.testng.reporters.JUnitReportReporter -->
<testsuite hostname="Ankiket-ASUS" failures="0" tests="1" name="SeleniumAdvance.Annotation" time="0.002" errors="0" timestamp="2024-05-01T17:50:10 IST" skipped="0">
  <testcase classname="SeleniumAdvance.Annotation" name="test" time="0.002"/>
</testsuite> <!-- SeleniumAdvance.Annotation -->
