<?xml version="1.0" encoding="UTF-8"?>
<!-- Generated by org.testng.reporters.JUnitReportReporter -->
<testsuite hostname="Ankiket-ASUS" failures="0" tests="1" name="SeleniumAdvance.ParametersDemo" time="14.893" errors="0" timestamp="2024-04-27T15:09:18 IST" skipped="0">
  <testcase classname="SeleniumAdvance.ParametersDemo" name="test" time="14.893"/>
</testsuite> <!-- SeleniumAdvance.ParametersDemo -->
