<?xml version="1.0" encoding="UTF-8"?>
<!-- Generated by org.testng.reporters.JUnitReportReporter -->
<testsuite hostname="Ankiket-ASUS" failures="0" tests="1" name="SeleniumBasicPackage.MouseOverDemo" time="10.373" errors="0" timestamp="2024-04-14T17:14:05 IST" skipped="0">
  <testcase classname="SeleniumBasicPackage.MouseOverDemo" name="test" time="10.373"/>
</testsuite> <!-- SeleniumBasicPackage.MouseOverDemo -->
