<?xml version="1.0" encoding="UTF-8"?>
<!-- Generated by org.testng.reporters.JUnitReportReporter -->
<testsuite hostname="Ankiket-ASUS" failures="0" tests="1" name="SeleniumBasicPackage.ScreenshotsDemo" time="19.276" errors="0" timestamp="2024-05-01T17:53:17 IST" skipped="0">
  <testcase classname="SeleniumBasicPackage.ScreenshotsDemo" name="test" time="19.276"/>
</testsuite> <!-- SeleniumBasicPackage.ScreenshotsDemo -->
