<?xml version="1.0" encoding="UTF-8"?>
<!-- Generated by org.testng.reporters.JUnitReportReporter -->
<testsuite hostname="Ankiket-ASUS" failures="0" tests="4" name="SeleniumAdvance.PriorityDemo" time="0.011" errors="0" timestamp="2024-04-27T15:13:59 IST" skipped="0">
  <testcase classname="SeleniumAdvance.PriorityDemo" name="logOut" time="0.007"/>
  <testcase classname="SeleniumAdvance.PriorityDemo" name="login" time="0.002"/>
  <testcase classname="SeleniumAdvance.PriorityDemo" name="homePage" time="0.001"/>
  <testcase classname="SeleniumAdvance.PriorityDemo" name="payment" time="0.001"/>
</testsuite> <!-- SeleniumAdvance.PriorityDemo -->
