<?xml version="1.0" encoding="UTF-8"?>
<!-- Generated by org.testng.reporters.JUnitReportReporter -->
<testsuite hostname="Ankiket-ASUS" failures="0" tests="1" name="SeleniumBasicPackage.NumberOfElements" time="23.155" errors="0" timestamp="2024-04-17T19:09:57 IST" skipped="0">
  <testcase classname="SeleniumBasicPackage.NumberOfElements" name="test" time="23.155"/>
</testsuite> <!-- SeleniumBasicPackage.NumberOfElements -->
