<?xml version="1.0" encoding="UTF-8"?>
<!-- Generated by org.testng.reporters.JUnitReportReporter -->
<testsuite hostname="Ankiket-ASUS" failures="0" tests="3" name="SeleniumBasicPackage.DataProviderDemo" time="0.004" errors="0" timestamp="2024-05-01T17:53:17 IST" skipped="0">
  <testcase classname="SeleniumBasicPackage.DataProviderDemo" name="test" time="0.001"/>
  <testcase classname="SeleniumBasicPackage.DataProviderDemo" name="test" time="0.001"/>
  <testcase classname="SeleniumBasicPackage.DataProviderDemo" name="test" time="0.002"/>
</testsuite> <!-- SeleniumBasicPackage.DataProviderDemo -->
