<?xml version="1.0" encoding="UTF-8"?>
<!-- Generated by org.testng.reporters.JUnitReportReporter -->
<testsuite hostname="Ankiket-ASUS" failures="0" tests="1" name="SeleniumBasicPackage.ExplicitWaitDemo" time="9.406" errors="0" timestamp="2024-04-16T17:39:44 IST" skipped="0">
  <testcase classname="SeleniumBasicPackage.ExplicitWaitDemo" name="test" time="9.406"/>
</testsuite> <!-- SeleniumBasicPackage.ExplicitWaitDemo -->
