<?xml version="1.0" encoding="UTF-8"?>
<!-- Generated by org.testng.reporters.JUnitReportReporter -->
<testsuite hostname="Ankiket-ASUS" failures="0" tests="1" name="SeleniumBasicPackage.ClicksDemo" time="8.884" errors="0" timestamp="2024-05-01T09:40:22 IST" skipped="0">
  <testcase classname="SeleniumBasicPackage.ClicksDemo" name="test" time="8.884"/>
</testsuite> <!-- SeleniumBasicPackage.ClicksDemo -->
